{"level":"info","message":"Server is running on port: 5566","timestamp":"2024-03-17T17:09:11.362Z"}
{"level":"info","message":"Server is running on port: 5566","timestamp":"2024-03-18T16:23:11.316Z"}
{"level":"info","message":"Server is running on port: 3344","timestamp":"2024-03-18T18:05:58.274Z"}
{"level":"info","message":"Server is running on port: 5566","timestamp":"2024-03-20T04:31:34.320Z"}
{"level":"info","message":"Server is running on port: 5566","timestamp":"2024-03-26T21:09:11.377Z"}
{"level":"info","message":{"method":"signin","res":{"accessToken":"Bearer eyJhbGciOiJSUzI1NiIsInR5cCI6IkpXVCJ9.eyJpZCI6IjY1ZjVhM2Y5ZjM1ZjFhNzE0ZDI0OTg4NSIsInVzZXJuYW1lIjoiRGF2aWQiLCJlbWFpbCI6ImRhdmlkMDExQGdtYWlsLmNvbSIsImlhdCI6MTcxMTQ4NzM3OSwiZXhwIjoxNzExNTczNzc5fQ.rqfylZqTOFYzsBvAXjrQ30g-h26HM-2V32Z3mOAt9cHybvmEmSt2q1QjHkq-p8fu4oAXruFIiWS6yj3gEZWTjLwPvMV968nsXGUrT3w_f2BaA8zZ7XNFhaROXNCeRIUBKfomVADKp4MhABvb4FtNTeY1KSUr5PmicjF84g9lx661PDh2fu6rVHi6hq2UnJIVkc68Z3JZj5R2NaK64bfHJt6hDEWLhpOPdSIZU-byR-olNVSjZ6Im7ZAFHhWgq1kJrSl7Hjq--155_BqKlfnX_ZpzdFdf8Ac_kRqW7lLvlOFtJqAQi9PitfjODDqyH2y8M7Y39kV5e3sTBMptvduwRI2zF_X-WhkZt8t0jOSveGBo-nJITgZF0lica8qqvU-IFnnqCUdODfkeoFWbOb_t-E5sV2sHaSdBrF30mU9RO3t-GcJbbEImevWwGkZFAsDv21RTZmSw6LOQG26icH4JIbT8Vpvgbw0fuMdiVF1_BQ8_kImIGBAYGKK_EdnPvt1p_7_IDiLXxcnTc_RMHHzz3txEw6hFyCIEk2ZRXYSgEkSW8HK2jwAnZIVTBZWP9fzE8syIWZExiZi4GkmRMBj6yAKLeU5q49azwfY6mn3LySPgfKBHeUjYyfuSq5VgBX89_UDstd_HeRjrQmhJ0BsGuliqamh3z2sbqvSZteG6jDk","role":"ADMIN"},"status":201},"timestamp":"2024-03-26T21:09:39.922Z"}
{"level":"info","message":{"method":"refreshToken","res":{"accessToken":"Bearer eyJhbGciOiJSUzI1NiIsInR5cCI6IkpXVCJ9.eyJpZCI6IjY1ZjVhM2Y5ZjM1ZjFhNzE0ZDI0OTg4NSIsInVzZXJuYW1lIjoiRGF2aWQiLCJlbWFpbCI6ImRhdmlkMDExQGdtYWlsLmNvbSIsImlhdCI6MTcxMTQ4NzQwMiwiZXhwIjoxNzExNTczODAyfQ.acdsxHX-s0aS80zvw9mthQ-V6COhetawVEY3qc-7dNgLITFPD7enSjoYtIwc5EAcl_ttkp5SXNNhr0joPIw8DDGtIcDUNfzKhPF068KcL5f70Q3BuUa62k5RW4_wwn5XDPnW35lBCYYcEkHA4Wa__RQg1XxD07fvkgYqlC98-g_pu3-HPjs4zydgTHt0dYx4jVP6w6PqCP4kJ960YX4jv29sa4E1KDmFVS2cdXxHLqUq8P7BlYPXK-F2JeaEw7-7iR8gSkOHrW-fPWIYAcO2c1L2Bb4IFQMYRo3kN4EN01cLhreV4CgUUQC8v3dg-RW9MVQDdLM8AfZKAdhH8ODNEbG--JyRi58Z9g3RiZANEtm0A1nqiuRGscABFo34oaYG8WU3qNVdPit9t5TdlRmQpNNdsQuADaoMNnTlQhySZ7rAlp6ZozI6pP1dehY7yvU2skLkKK5RHGuTRtmi9JktV5Hu8Dp4c5eQopeoGktunBKyf9SHAntOqipuCRipY63xZOW6hK9YI2ag3_3OJJnTEzdDaB12fOym5VOs8PuXtEfBpby5HOdhx-7AkCh_VFIhDicXW1HyknWWVjgc_VdQQrm3V088lMQ7nz2_gLPL8h3g1Ln-4Z_QTYOQyMqXNBSq6rqJjltrooozkZQ-exjpkM0NpeDa9TMH7nj2CjZBbKo","role":"ADMIN"},"status":200},"timestamp":"2024-03-26T21:10:02.661Z"}
{"level":"info","message":"Server is running on port: 5566","timestamp":"2024-03-26T21:14:03.817Z"}
{"level":"info","message":"Server is running on port: 5566","timestamp":"2024-03-26T21:14:15.199Z"}
{"level":"info","message":"Server is running on port: 5566","timestamp":"2024-03-26T21:18:14.817Z"}
{"level":"info","message":"Server is running on port: 5566","timestamp":"2024-03-26T21:35:03.647Z"}
{"level":"info","message":"Server is running on port: 5566","timestamp":"2024-03-27T19:27:18.658Z"}
{"level":"info","message":"Server is running on port: 5566","timestamp":"2024-03-27T19:31:01.840Z"}
{"level":"error","message":{"err":{},"errMsg":"Please check your login credentials","method":"signin","status":401},"timestamp":"2024-03-27T19:31:39.937Z"}
{"level":"info","message":{"method":"checkEmail","res":{"hasUser":false},"status":200},"timestamp":"2024-03-28T00:24:45.692Z"}
{"level":"info","message":{"method":"signup","res":{"accessToken":"Bearer eyJhbGciOiJSUzI1NiIsInR5cCI6IkpXVCJ9.eyJpZCI6IjY2MDRiOGU3NTQ4MGI2Mjg4MWQ4YzRmYSIsInVzZXJuYW1lIjoiRGF2aWQzNTY3IiwiZW1haWwiOiJkYXZpZEBnbWFpbC5jb20iLCJpYXQiOjE3MTE1ODU1MTEsImV4cCI6MTcxMTY3MTkxMX0.LDzlPgyhVYLODWEJ2DkwZtpgzsMfLdmCpPncIiMI2rLxM6e9aZldVg5l9K9IATgsknBNZYFjvNuHsxtHZzEVm1imWLgQ7WAzDJt0WDM2DO2wojas83a7klZvNyGkKwVZjj9t8jhFhUXd7Ask6YTr3UxtGpRDrvMuaMfR42CvWH7rJPs8mU8raCw7eoZs6p8H7vhV81BvTAmQpYXwI9utDGxoIVctyn5TjTCGE_dEdBURCg9X-Yx-GvKA8Ls1J2G-u7-DUcQ0oY9DX0_ONg_g_dVbS4mUUnW_IMBfVX7O5xu3fdWIejSKHf25QAbQKXuVrrjD_yo3g6Xoaj0NjYx3_B73WMS2vDyjUaTelzctFAAEx1GwtNNgLx7vN8tVNhHD_TcwUfxOj1VWrqccpsF1a_wpoCW75jQwpHJcsv7e8RUo8M780bm6a8PvkUchBtmQ68ogh9C079oTOrWJWIq0gpUHR3w2tr6BteLHndh2bZRqOQ--J-jOJ3KB6X589iR715XVs20pW467wC4doXe_YtxDx3lbroWFbF1KAZfPXavX7HWKVezkOH72-RSqeBWcbqblXDfOywAw1mB2scBl4kcJ9RyrvmLnRF1qK5F5UY73lfWPXf1Z60TPGqj7VWdfZVc3nuPC6NYJnrM0cVnZnqg27vFpE1qR6rWhxIEpHHs","role":"USER"},"status":201},"timestamp":"2024-03-28T00:25:11.656Z"}
{"level":"error","message":{"err":{},"errMsg":"Please check your login credentials","method":"signin","status":401},"timestamp":"2024-03-28T00:25:34.687Z"}
{"level":"error","message":{"err":{},"errMsg":"Please check your login credentials","method":"signin","status":401},"timestamp":"2024-03-28T00:25:42.067Z"}
{"level":"error","message":{"err":{},"errMsg":"Please check your login credentials","method":"signin","status":401},"timestamp":"2024-03-28T00:25:44.427Z"}
{"level":"info","message":"Server is running on port: 4231","timestamp":"2024-03-28T00:31:31.754Z"}
{"level":"info","message":{"method":"signin","res":{"accessToken":"Bearer eyJhbGciOiJSUzI1NiIsInR5cCI6IkpXVCJ9.eyJpZCI6IjY1ZjVhM2Y5ZjM1ZjFhNzE0ZDI0OTg4NSIsInVzZXJuYW1lIjoiRGF2aWQiLCJlbWFpbCI6ImRhdmlkMDExQGdtYWlsLmNvbSIsImlhdCI6MTcxMTU4NTkwMCwiZXhwIjoxNzExNjcyMzAwfQ.YxTu7dTmHxQq3yZtcLlv8bJP6Kd66MQwO1vIwa5-DFDnjJtaXSPZ12nhhzg2nPi4GmxsKYOAOQnu00Vsg8JHOumleiOvmVpI3wW21ghtsVyq0NwVrpCQncjBdic0lq7MkOnZ_58H9Oq1BPxQwSqvRjf5cvXP1M_m9nO1BsQvGn8iZtg2J6RyhrAKZbnPPzjHl1I6eP42F7FQB8qhxX9IP49bbenWEFgkhxveca3CYM1Eh_0P4N19AxD_aVAk-rTUWqlseMr_6_5jC7MAlaJnq0nT-yCoz29-IEcMRlW2lf8eEN8aR82VVvPvIfD8CeC4xn56sbo7adLl68M0Cihj3R2ui4MQgJOhY5YJieHHGevs2TdY6ecB_Muj0FeshL7IzHRlN5t_35vQ56RFI4_UgiFVTEkjCEGdttJiWQrfZU5yURGx5CFOZZ52PT77NuiAp4qxTaqmHSAn6UB5Q7EKKUFwZ10t-wLEv8hxt7c0Q3qUGWVe9tOXiw4ecrw5rLoWHvN8954nYdwObCgDrwVqOrLjwe5YIOx97S24AD0IJpSee6_pCv1lToCv5F4JIkxE2LgDIoHJqSS8dO4TpAe-YE67Fjfpk8skAt77yWOhnV14SZ8D_9wmub0m7nGFXIU94qcIDn6wcT2f6uCSg7jRT2Zo1YTN4lpXWvpo8zzFA-I","role":"ADMIN"},"status":201},"timestamp":"2024-03-28T00:31:40.747Z"}
{"level":"info","message":"Server is running on port: 5566","timestamp":"2024-03-28T00:33:49.936Z"}
{"level":"info","message":{"method":"signin","res":{"accessToken":"Bearer eyJhbGciOiJSUzI1NiIsInR5cCI6IkpXVCJ9.eyJpZCI6IjY2MDRiOGU3NTQ4MGI2Mjg4MWQ4YzRmYSIsInVzZXJuYW1lIjoiRGF2aWQzNTY3IiwiZW1haWwiOiJkYXZpZEBnbWFpbC5jb20iLCJpYXQiOjE3MTE1ODYwMzYsImV4cCI6MTcxMTY3MjQzNn0.CTygQCnw0O4AzFXZR6T5RjHrSXrF9HzCsbI3HxewprnjlyePmHSckrLOgC0BKQxpFl5zMJGU_XTOjamy8Gvleha2TmS1RwmkXEpMUx4ndpAJ1WGupgsLCDSjO6JGxrIZEcyZe1tG0yFKbzy_mo2ei-rwdOvWC1j8SqF5zly8Qx4s5osMQqPnD9yzlnipfrvfcLe6dIU3jWgKwuGORS03rMYu4vpXqYzeyCoWbMeI9fGyqSIMzYX2SiPa83dlwDDXRjcaACbMvfW9jNvTkbpltpofd1Y13p8mPe4Lj45nV4rDcRGxRBPwOKOVF3_LkgaepVQ7A5OyWJMJimkVgqFfhC24N4PI_IK2Sb4OgufHWx9DHfQImdMM1xoHz2bKMOpTXekRGWdb40_661BIng1htvrRhR0QturLIaOYxX_DCBh8DTJzpzcdkuvI2JpIUfJYaE_mCQCkGbNPImbMrXwfbM5kodI1055ZpqCKCYEGFVEI19CS-LtUmTkBA7hMZ94E3wbajrndHUSVVKffuHd86ldlIzRyNerienlj_HSlwaFf4JFh4D-oK__xUZ-kWMWrHovuj2ORzs0lcGW2fHiHK6kRY3dHPz_24sjeO9yHSRwN98I_Kfj4Efn_wOpe_VY8bMrIGfjhjVSeitTBKNkcOTFnrPwM0kEdMQ0zwQ-en5Q","role":"USER"},"status":201},"timestamp":"2024-03-28T00:33:56.456Z"}
{"level":"info","message":{"method":"signin","res":{"accessToken":"Bearer eyJhbGciOiJSUzI1NiIsInR5cCI6IkpXVCJ9.eyJpZCI6IjY2MDRiOGU3NTQ4MGI2Mjg4MWQ4YzRmYSIsInVzZXJuYW1lIjoiRGF2aWQzNTY3IiwiZW1haWwiOiJkYXZpZEBnbWFpbC5jb20iLCJpYXQiOjE3MTE1ODYwNjQsImV4cCI6MTcxMTY3MjQ2NH0.HWydS6vaCQ1n7uFRC-q_SvH8S5qE8RwUuN_ZfqFT71_hFV2LYp91Km108hM-Jb4mQpBtIL0o1CzOBaiTs8s_gcZT_ktA7kCzRjcGaPN9_BrWC8T6SA_TO7yTZaovC4fqivOeTIPkUa7WBihXAz98tnpw9p3UBYqINBanIqpHm-jIiHPN1CWWvmNOLg2W8fbT-jO8Wh3Noymw4ChFL01zrHc0wPgDvC3tPnVk73rUmOZA0PNTiFkpGr2TsMbR8oUKaimWz93nbaJ_Yx2qKJJWbQu9I82fGPTEO2JKksae1yiLg_-dGGQATSHFc1B4xUkF8ts6vnQr0anXOKPPkP7-cTHiGOhKFURn4AKp5Ud-VWefhVcFksPjCwc935nn0cwsZxQ-wVkSzwd6s3pL6cf2q24rVcbBkJF32Qzx5sRCbDod-XspXp0NET2hBxCsU4_dcoZKhzAWd02XivzQfMSjrnufVkUz-Jb4JEF3zg7wrfjDqxrMjScFctZPnuBkWzNhVzk7GPL_HqX6aebrqSyHHSUJd9Mv1sRq6h7fNmprWVYJ_2JxB-hS-L7ZVkG-enEm29INQXXt7EYVLg6YdmI6zGuPGRwq1ewhCgovmKpbYmWHaUp4l5CL9yc5q18ZMBvyZJWiY6-UUrLNPy5CXJQAW-WXLte22YBJaUj4u3w9hw0","role":"USER"},"status":201},"timestamp":"2024-03-28T00:34:24.386Z"}
{"level":"info","message":{"method":"signin","res":{"accessToken":"Bearer eyJhbGciOiJSUzI1NiIsInR5cCI6IkpXVCJ9.eyJpZCI6IjY1ZjVhM2Y5ZjM1ZjFhNzE0ZDI0OTg4NSIsInVzZXJuYW1lIjoiRGF2aWQiLCJlbWFpbCI6ImRhdmlkMDExQGdtYWlsLmNvbSIsImlhdCI6MTcxMTU4NjA5NywiZXhwIjoxNzExNjcyNDk3fQ.tSDfYpA-TnYhkoRCsaIi5weZ1xp4DsdrCZgubliU3ERJKkI3UW2PxyCAEzIJYHlz2ZqL5cLjTjd80xFOmwX1omwdzRUUVKmU-bCJqb_GpBGyretTI69zN70sK4dNa6KWhJdomtGlJ1CHAxAX6irz-OTedcvbdMBYsKOaQMlAbyWhql2qGA-a3Zl7FhfdbbQ8I0VhrsEEJQCxLNVhWygNHU1XM3MHk6vc7ySWKgu_7SxxzwSRu7XnCKsrEXG8455sR6KXB822omdyuFn2WwvaD4Akq6NFjVp-EWicGcW0DytI1U7MW1Yb0Tw8ADJhgqjAPS7d7J0x-JODTLIoHD-YIfAWf8-yHtbpuLiQk2ZQqmIaqmvtInC4GSXmMjhZpCKbiUABtixpQnt2I3I0l4Npdg0Z9pNPWVBKHjT-SFoqu4TzpcGETh8ViM8DDFrnN1rn8s2D8nIsFgQEDW2YfGm-1JgnbyR9F4RZXWxxAtHYTnEIfqlfd11KnQB4HblazoL_ZZ3oRVTDV33TUdBVwSU2bcTS1d10Na9isr0QAr0WCnRK-MB6QwrozkJSdBDasavh32V6UXVR0euSP3crfglu_3vPjjm2_VysGkpnI1b0Rk6kIu7AOfOCm58_pK8c0Hw5gn0CrThzM_SkAeTZrrUwRoHvsz7K6-6KDNprSAxW2tQ","role":"ADMIN"},"status":201},"timestamp":"2024-03-28T00:34:57.293Z"}
{"level":"info","message":{"method":"signin","res":{"accessToken":"Bearer eyJhbGciOiJSUzI1NiIsInR5cCI6IkpXVCJ9.eyJpZCI6IjY2MDRiOGU3NTQ4MGI2Mjg4MWQ4YzRmYSIsInVzZXJuYW1lIjoiRGF2aWQzNTY3IiwiZW1haWwiOiJkYXZpZEBnbWFpbC5jb20iLCJpYXQiOjE3MTE1ODYxODcsImV4cCI6MTcxMTY3MjU4N30.IpTA0ukAy2qXkAhDsMa1T4JzzquKfC0fDPCpLQszMAMLTcY97zsBpwFGK3AgmbH5LKCYF3xluxxzShigSht24iC7Y9k5T7ag-Ncx46SYwI_dvy8eEOqhaeScxEJy2jXQSdWbfjkFjOkBvCTKyYWh4lbWHquaviwLt9QJ5ruFWO9nQK2Od6tNoJ027IXDuaXCe7Z5WsG4KhUdrUyM1qg6Kp4Fo5R4hiNQF6jJ7RKB3frAjFnKrLN2AwCUSgkLFTTivjsfukhGnj9aBUfGi-ILbhRXFLP1sbxSWnsu1plmTWv0DrumoOEKxnH4b6pA5Oz43aTUSBy4zn6yXmU-E3BGpYn0P2E7IN2qy0WGdrw_eWNRfTm-mCcAhm2j-1ImpJ6VPhhaKiLPsrrqPRnRjVCCVHGaNALkHEVF0M_0tWtCsAkSriHNNvYTIZ5olI2ADXY9DMdFtQ-qz1Wu3-BwLwNDewfF2kYc-EYudcucVl-LnRD49fyGJXFIn7M2FdwLIxo9C7wZ-gnNdjvpL1SGfqqgEvWQw4LB7JQBdD92qTIU538OSlkH0Ijrp4miZ0unh9Szld66scqWvO2h85VVxmGSzx_8UiyyLZstjKSi3bZ4RJYE-9q9GETmWMnK8YYfmul6GiSk7JxEYgrQWQSc4yj05OXT-7aWnCSTulB4c2egF-w","role":"USER"},"status":201},"timestamp":"2024-03-28T00:36:27.137Z"}
{"level":"info","message":{"method":"signin","res":{"accessToken":"Bearer eyJhbGciOiJSUzI1NiIsInR5cCI6IkpXVCJ9.eyJpZCI6IjY1ZjVhM2Y5ZjM1ZjFhNzE0ZDI0OTg4NSIsInVzZXJuYW1lIjoiRGF2aWQiLCJlbWFpbCI6ImRhdmlkMDExQGdtYWlsLmNvbSIsImlhdCI6MTcxMTU4NjQzMCwiZXhwIjoxNzExNjcyODMwfQ.S-Am36X70DWtbU8MISM6tMYRhpwgReRlPXtD4bQN_fqKIpz7wXBJkOWCUisWiSM4gJ4RoH7HoPKGkMbmDbK8WfnrS6ic4i88gYm_8dvPHCpiPMsPVOqlzu8PdWWpE0l1Ay2FCdHIro1f6WrB6UJjnsvGU5vtpJx0_BDvgkf_GCdUvTRCH79CKNU0nOBVpuKYr1l2ZTsTb3V5vNxyRXXdhsQEGzlicVW_OjOLP_pPQPro90ocQ2W8dTKDSd-jfx9QlozSRRn2fw9Nfhyrk2Wtn5GQOUXxZv23tA6G7QHqnMy8eOnj4BtnYm5Xul1_q0aty-RgsQt_ZJpEdpiO-_uclKtC1CkN6_3laowwdmezRe3QZcBqwHJmgKHK4AybUDvFmvtBwHoZaCfnWMB_Rcs2Fq_uj-1NxaNG6uFEAuRaJm5aIfsY5NLeEw9mW23RY-WY8rvdVYoZvFy20iMdYoVHmNoU_LyXLzMZ2EQKKGvo9qD8cYpvKKT7akk5eMllwhdiYzIzsbQLBqR7eawp-ZR15NirXZQVDtz3kR4CvkpZGHNcJwoYLgf6X6UtpjBp-7me95V5t3i7Sys1cXtOcu5tlaOFvebeqagTo3PcfGNtlx7-n7XL-b_nvAYdhVWLw2rYAkRNZR3v2p3MVddNW2KT09yJP7IxNbYdjMWSma2ntto","role":"ADMIN"},"status":201},"timestamp":"2024-03-28T00:40:30.816Z"}
{"level":"info","message":{"method":"signin","res":{"accessToken":"Bearer eyJhbGciOiJSUzI1NiIsInR5cCI6IkpXVCJ9.eyJpZCI6IjY1ZjVhM2Y5ZjM1ZjFhNzE0ZDI0OTg4NSIsInVzZXJuYW1lIjoiRGF2aWQiLCJlbWFpbCI6ImRhdmlkMDExQGdtYWlsLmNvbSIsImlhdCI6MTcxMTU4NjQ2NywiZXhwIjoxNzExNjcyODY3fQ.GsjuMqdTXv7aDefP77GGFyHSF0JR1sEBI0qztRFBQ3y3NERKeU0zcDnC4O5TQx5a6uSz10jIhjVeYhIpHu6517yTioFJ4fgwn9kXqkHjytRlcoVtPYuQZr-U7cdSUvaET2-RFhIF6dPPPcboU2gb3uwZ7sfS1xFBzVAU3NhypQfadDKSrP6vRIE_wV9vIxnw8P1qFxTEBmLBNOaesN1HhuL3fCAXMLltRJaNX7ntQCpBWHUcCVhvKsXK8BPoLdcIq2FcEaapwOhN2EYK7iKjKonpa8f7YwchXULQttdFAe9B2K6G-a0pUCfdsjbwY7wrtuGcrgFoO0zj8ffzwyUwqoxboRB17q-l7cd_8NAItPTX1CUbrlfe2dA6EvUEjx-pxIDgRd8vGbzBDtNWbh6_TR32j7rEJ_4bLJW3xEcp9mXDBi0v8ErPD-FGLgOQkhLh9fF8zXHkKb263vUMAZU0zuhZIr5Z_dLv5Oe_LO6cANoY3JrC1A3G1AD9YiQ5s_Cmpk_6nwIvQnYIbGAX3GEk3I9j4H8JlzCOOT-8wsHuLb1rLUegw_216yCxQVs_ckqH67jo50l-QIy5rKTBd7OHVArPppaMIQbLF9QJ0HlX3aqhCdvxlEWTU89lMWMZP3tPw2WT7WZ4hbbDGmWshe8QjVhYHP9HWStxq0FcteJBgU0","role":"ADMIN"},"status":201},"timestamp":"2024-03-28T00:41:07.786Z"}
{"level":"info","message":{"method":"signin","res":{"accessToken":"Bearer eyJhbGciOiJSUzI1NiIsInR5cCI6IkpXVCJ9.eyJpZCI6IjY1ZjVhM2Y5ZjM1ZjFhNzE0ZDI0OTg4NSIsInVzZXJuYW1lIjoiRGF2aWQiLCJlbWFpbCI6ImRhdmlkMDExQGdtYWlsLmNvbSIsImlhdCI6MTcxMTU4NjQ5NSwiZXhwIjoxNzExNjcyODk1fQ.sPEgWH8zpzB_FVXW1oLha1N0JoQaRue26dIzNlyhfTVKPP9GZjZVQARLy688IMdUx9BEhqYajiZDNKsbJ7FUqSV5ttCVOxT7dDN7lmmfiVAr870SQOomXm3newQpjni4hfIjeO9wXJPA9IaPh3yp4q8epSlw4QX_XAHi4WsJN1-E9xjiFGriAyaRnccI-Rj-cG4iR3OPc6-uqZAK_svFAC30McGGLWVOaL_4bX0JYOVAdLv8m5OPX7Gs9lqxh0-sD8ZeYfYNBkqKcf9FClp_Y43Rl2cM_6qcH1qTC_ic08po4imddmh0CEWLfyFLz1y4C48ej5UCn5q_eg65nZqdVRlOLZUa1ujDjJ46G3zyBWNFhYKDun6cahJSGRC5Nj0-p7uybaE4yrdcMi3tOqDhs0DQz36IrYEG-lHeiWhlD4iAgb4NwzPoSLOmk6JMKDyYNJZAT2uDx0GNuhnqVIDPJkdPa9V56KoouYkB4cbnPJvMFMFNbxM7CPrQJnOXiMyHKP21oltKVxLpcXEHy0B3bIgiVVp5VdAHDAvnQ2LTkohxZ_BKm7pLbeW3mAzJe0Q6HGfBPiddX-3aPdz1txwjlMnqvP724qc1yFU9HNpLJp2aA1LzLD6xCUJHB3d0IQsOgR-Oy_aDlhWlU4FxkodMSgRxIiw7j-DSW1iT_s6f_q8","role":"ADMIN"},"status":201},"timestamp":"2024-03-28T00:41:35.147Z"}
{"level":"info","message":{"method":"signin","res":{"accessToken":"Bearer eyJhbGciOiJSUzI1NiIsInR5cCI6IkpXVCJ9.eyJpZCI6IjY1ZjVhM2Y5ZjM1ZjFhNzE0ZDI0OTg4NSIsInVzZXJuYW1lIjoiRGF2aWQiLCJlbWFpbCI6ImRhdmlkMDExQGdtYWlsLmNvbSIsImlhdCI6MTcxMTU4NjUxNSwiZXhwIjoxNzExNjcyOTE1fQ.behZxUXpr1YQ7LjyNYzQ9YRpTQyQGaVbTY8fTc1xkTIRez-ojkTnz7yYZG5z5yk0I4wfpD_VTJEwFAoOAx2ff9R3h1xziL5rKNmm3TN8UQ9b6pzlpsBPqqirclqtaQ52wHCgV7EgdKXH7NVjPAPusVqAaycSiD0xF7GVHbTcNyBh1n6IvbrSFO3fXicWHynNKs0WXZL3d8OABxvp78ZWiCUqKpwSFtDAEx_M7wpB8arIRrcG-_NGs1CpSzul_oYBmagquUfX5RO7qALLTT0Mb3yiy-cUwU8P5nhjIS_EXUS_5Za_UUSF8EW5gaOpod2vUJeRV-LOG3N1Jn3DvwYaYLeZ_smH_NgPmCKxmvdyRMq2zFKR3x_KGFGgrB4x4iPkr4c9RSZ4uBAdQY0_ATkYWKwPvsLY6q2uS9B9zPeMExwGXGAN8hpgbTtjCyCsruTp6r7XvyiYM0TOa0kboEBwdFBAKHXprDSUV54qBuoWF2rTLCwkJ0-RxAeo9ynRpM70I5N7VU2lMeDwAQMt3vkANLX7Yy6cUK6TNiaHRmO4-nbFQiopqzL_fzd7fGTuKPQ9ym-f7JgOjB_yDA8XBstt7Yl76Mtllr2SB3jd-0meM3SE6jE7qtEXwvvX-ZeepW4GpqDyurnmea0F0eHdPM84BPYT3-c94f6tammLbZgMKyk","role":"ADMIN"},"status":201},"timestamp":"2024-03-28T00:41:55.392Z"}
{"level":"info","message":{"method":"signin","res":{"accessToken":"Bearer eyJhbGciOiJSUzI1NiIsInR5cCI6IkpXVCJ9.eyJpZCI6IjY1ZjVhM2Y5ZjM1ZjFhNzE0ZDI0OTg4NSIsInVzZXJuYW1lIjoiRGF2aWQiLCJlbWFpbCI6ImRhdmlkMDExQGdtYWlsLmNvbSIsImlhdCI6MTcxMTU4NjY1MSwiZXhwIjoxNzExNjczMDUxfQ.S0tAMJcxO4vbEgKS7IQaMoj6IFf217DDkRP4mkwWAAyA2D03U7FvcSoYBVFvxYc4oXzUICk2lpkv7utzLDvFoDEgPvMpnKdYpL3qQlofalXpeuXx9JMvpgnOSM1_sg3UHn6fRALnZfF3ZOI4kutU4FW279cNLBO8sOGikx5zMXXO34rQptWRJoX14tKB-SiU14Odq853JaTx7UvgBOZBtSZxvBuahQfOaqhhTYFLRjoWAoIj0d5oc2JEZJdFfdTLSoI-41YZuNAEY6Epaf_p5meLeZyFkHWzrXLyBw49ARiPGrZAqpgpkR3oLxTh-tlecbjvSg1aE67KH_QkBiutn8sKTaqsMvSd5cJyPhem2k70yKih3DHmsMYYTVktai-XBnvnVesWeGgPegt_cp5ZYswp3rcz4VchGehzfcyXH9vKPHlRulZZcVq7EgNHCByjqPAeM9HPD2PqYVWzgF9HgSNww0qLYYmQOv5Nrmzqn_V5gjxwmnU_BbgN3uaXqdNsHzxou6ZW8DqTZQz_9c8ZvMVKN4pLf9wLsBQAHTP4NdMTfvxwHb1aNXb0zIN6sBvsxP8jg_4_4EqznIZmnOtHW6wOfslhqtMqSvUTPUzweS_p4TlHlceSW-CFho20zOwQTpUiH7N14QnisL7XRPfJ-KIgr4JnAXb1B2Vj9PSkSig","role":"ADMIN"},"status":201},"timestamp":"2024-03-28T00:44:11.025Z"}
{"level":"info","message":{"method":"signin","res":{"accessToken":"Bearer eyJhbGciOiJSUzI1NiIsInR5cCI6IkpXVCJ9.eyJpZCI6IjY1ZjVhM2Y5ZjM1ZjFhNzE0ZDI0OTg4NSIsInVzZXJuYW1lIjoiRGF2aWQiLCJlbWFpbCI6ImRhdmlkMDExQGdtYWlsLmNvbSIsImlhdCI6MTcxMTU4Njc1NiwiZXhwIjoxNzExNjczMTU2fQ.A7vpAm7nuBi0lmxXqPOupLy1EOD7QfVxxS1OvLTvu9gBp5aml5wsppdhDh3DSQ7BIE1MA6q6ByFrAX7B7ZxlMTT6nvxbTR79QPm8MtxJPwpiwKghnEWpPeAavp_LVXHK8k9q26pthT3Fih5VUXuWAQkX2L2ZafKRJ2ckMCe4rlfqIqwoeeByxrxLxPJGQhoJD_xf98AeINy4UuOsvP3lbnxPcq_wkKrR4im-dobg85qQPtLX2mQBXncg_gU1ZC9dw02106r5RtlPvc9z99JDzDAyaOso7bY1-S3Usc6VSPSsQAAjAuQn2_n5YyV-Bx8KCvz4l4d_csyyaN9QudtVmyIN39yeHVttkELb6UcuY7lvDZr8UN21aeBWd3Z03h72K8GJtMJFn0zc9ggxoBChxnLwv6leRFyE34uBMkaWTsQnFaypul6ZAFLtEDKvC2WlsSo0FiL5l_mdnDnbzPGGZWXLcuvR9FsG7D7db00IkUdTIRonq0ai338qB8BhCJnJlUvd-O7VFjeHPTQYw_JEvQIRJfngQKLUxKmbMze3LKQVzQUZgfI6kPCLC5npPr6dQWor3PUCd9zGK1bGVo9MCJ3VoCKKkAWX4bq5eRGSpSESU5n8k5Za3SefGpQzOKIZznvvnpG-nlaVfv5bL6XV-7O535pfofrfgitllos9xeE","role":"ADMIN"},"status":201},"timestamp":"2024-03-28T00:45:56.067Z"}
{"level":"info","message":{"method":"signin","res":{"accessToken":"Bearer eyJhbGciOiJSUzI1NiIsInR5cCI6IkpXVCJ9.eyJpZCI6IjY1ZjVhM2Y5ZjM1ZjFhNzE0ZDI0OTg4NSIsInVzZXJuYW1lIjoiRGF2aWQiLCJlbWFpbCI6ImRhdmlkMDExQGdtYWlsLmNvbSIsImlhdCI6MTcxMTU4NzA2OSwiZXhwIjoxNzExNjczNDY5fQ.UtZiJ5_D6BnmzgzpfEPZM2Rk4Vhfxb2peNU0TwSxAUP0lAY2BnkLA-lsYUvJhjcDBdPTEd74bjnYB3YAYWDL84NBPJ75hGtXvbuK4V85q4jXU0kHEOy-cy-tqhG9CVswvt6PYpr_SO0tETjaKYpMHRVRjI3OEgYF4dcDN95_GV4O3ash4YVcM1nVPQxC4phxYvnFNZqT_-FZ1BAbjLYpPynNJLSxBH8Rrobrm_GT1eTMKfirEoY_KWkpQlQX-dm85vGW3XwzNRm97f6Z7k0j9NAgvNzMyXPrfk9Ql2oGYg25aTMC3Gx_x_LCGTZ_bGR94zRrT5Rq5u5K9AaUH59RuVRjvcEk6EUGnYhI1qyIdk8QEvBzy57d6mpAVRrDh9GE_p0i5eZWlVikZJFbUTwOFOZz5FhCJ1cq5eVSbnfdFx5g7aa5xlxYps4w_kbNOXQMRehWQkHFmqwnhqkgeYldB6P6CWfFRzMjSuEFPbD9W0VgQX0NkpeQuKLRbvd21P1TxV3n79iy8vsoI9WoBUxh4CkR9T2UxRV_2ObWb-4K4vahPkNxp__TxA6U7yVJziHGnmciSWla4jJeU0wAvFngrLQTZzRvP93T2QYmt0JMO4b0iStFMdazZzUBZ1NcaYzzxvXObXgU3XM-VHvqcBlziBO8PknFGELYLELXuiCI16E","role":"ADMIN"},"status":201},"timestamp":"2024-03-28T00:51:09.526Z"}
{"level":"info","message":{"method":"signin","res":{"accessToken":"Bearer eyJhbGciOiJSUzI1NiIsInR5cCI6IkpXVCJ9.eyJpZCI6IjY1ZjVhM2Y5ZjM1ZjFhNzE0ZDI0OTg4NSIsInVzZXJuYW1lIjoiRGF2aWQiLCJlbWFpbCI6ImRhdmlkMDExQGdtYWlsLmNvbSIsImlhdCI6MTcxMTU4NzM3MywiZXhwIjoxNzExNjczNzczfQ.MWA1Y9uHR2ISZZZGLF3N_qyn4YWuisfz99pDFJKRpF14sanPq9nO1RxIyNFurt9MJINmxcaW6_Pg63jNbfcflmPRASHxg7MT1E_Q5cUe_Iwaam-XLMPE-vtM6iehvPUyx32NCZg7Z4sWMR7nMsVWI7dnuOgMpSwRoZbBKQ4LxVv5MFml5P7XytvelAT1FAwZv6tMpszw0wHBpnyc8ksIvzBYMnbw3IiCFt25EbKl4slrdsN_WPFAGD6ePt_zIKU_Zy-MSdr4Y_s3EZdFK9fzf4kiNHKCxRF9zwlv0icCmQqKEfwudiQFD66DNIG6tFr-aDyS25QTLXHCSSyrsJbZzbmN0oxnSfjOxJvXmLG9ZYS326e9SmZlotRB4lhlxRR4nNh7CWFRCLH50uLF2xQQ7r_RPH6NYJTSyAHxVv5JhUrKhYt0JiUldWYH1WC3AoPZ-FCNQhISAvOBjwKv5nIN-zZhn0WBHXmAqjQCbeVR9Kwt-hbwZ_PoiAKogCqlolYUF3VpiCmfEOSczQrhIsEge9UNXDqXzr8-psnEL7enhLu1ciztx14GXr7HfZ9xyZEB_0Q-OP2XmrQQxQotVjGRKId3mYURRuZgELLljnmMohKCBnIBF5iio5irIb2-KeXO3ozAsSUwWVSIDFKoesPcdClqTkIVubSbl2II9BE8UsQ","role":"ADMIN"},"status":201},"timestamp":"2024-03-28T00:56:13.260Z"}
{"level":"info","message":{"method":"signin","res":{"accessToken":"Bearer eyJhbGciOiJSUzI1NiIsInR5cCI6IkpXVCJ9.eyJpZCI6IjY1ZjVhM2Y5ZjM1ZjFhNzE0ZDI0OTg4NSIsInVzZXJuYW1lIjoiRGF2aWQiLCJlbWFpbCI6ImRhdmlkMDExQGdtYWlsLmNvbSIsImlhdCI6MTcxMTU4NzQ1MiwiZXhwIjoxNzExNjczODUyfQ.yqoNj2HbUVanI3p7TIJSKprcp0CXy2MbPUtOjRl8zuAuvIXcz4b0lQACVrAlR4WcN3erUA3x9JgHtFQO8YQTy-0CH82Hc8YJ7wzpJhIoCXi_VJqM4KRnrX6QcRjYHP-rSvZM8Mef5wfljKrEoWpNCmE3KaK1fGrvCFU93K6E5Ghx4C13vP3cWZPCSVdbeav_EG2UxP0zF109P_Lp2gUOxByovZjM3wHGXBbNmIgks6stkJgnYzuodG6kHsNwkq98ogvOoPeEmoHgdDlSxN-lI5_v3A4vrcKdDh5g5QlBHiwFGzWc__UdzHNrhIY5D70rd-t0NIuHHM9IUJ02V1TzJG61WIL9HemJQH0XAoDsbkh6GAl1TxN2occ1dLOUreJdhMrqA36pA-Zu9Hr3dZg5iemcTMeVsQtf-GIm8qzN4Us7DX1bzPud-B0fckpU6b1jMsBQEJ1OBjuYFbqrfHHi-HEZ2uk6kUlk98vTkei3cp5VWkxxBXBiszoUM8W_j36koOYqWbQfqvNvuSUbo-6nkUhBL4EDWUML7AwX0xxalLdjjCH2amb4WwYL8osNKMhYdukQzkcNFKHFjUSTRuqjtkF_l9B0_ZvdEqWlzfj5E9z04GSmL9J2iDEQfdjfkoJbOaxvCJdPnu0y1MzveBJ7boOOzJcllzvg0QhPi9OiLpk","role":"ADMIN"},"status":201},"timestamp":"2024-03-28T00:57:32.679Z"}
{"level":"info","message":"Server is running on port: 5566","timestamp":"2024-03-28T01:11:00.821Z"}
{"level":"info","message":{"method":"getMovie/discover/movie","res":{},"status":200},"timestamp":"2024-03-28T01:11:02.505Z"}
{"level":"info","message":"Server is running on port: 5566","timestamp":"2024-03-28T01:12:40.391Z"}
{"level":"info","message":{"method":"getMovie/discover/movie","res":{},"status":200},"timestamp":"2024-03-28T01:14:33.510Z"}
{"level":"info","message":{"method":"getMovie/discover/movie","res":{},"status":200},"timestamp":"2024-03-28T01:14:55.253Z"}
{"level":"info","message":{"method":"signin","res":{"accessToken":"Bearer eyJhbGciOiJSUzI1NiIsInR5cCI6IkpXVCJ9.eyJpZCI6IjY1ZjVhM2Y5ZjM1ZjFhNzE0ZDI0OTg4NSIsInVzZXJuYW1lIjoiRGF2aWQiLCJlbWFpbCI6ImRhdmlkMDExQGdtYWlsLmNvbSIsImlhdCI6MTcxMTU4ODUxMiwiZXhwIjoxNzExNjc0OTEyfQ.UZh6BLnFtPIrVPAS661uulK7fOPcrx5QhQzBp1lokn-RHP6CXtBOwi5k9JCqEPQxpvkqulrwUrev5rouHqgxHkf6ztcocV_M6-KZiCanUX9QekNHj5VjKdAZ3R5XzNEbwnRDyDvOcwvmjFVKq_O83Y7AZ_AGL6aZ1Y8SE6zplNSpW_1Gi3mcDqioe_3HBtlRjtOtPhoEnh6YEKTKCRFNFBZjleQE2f_rlF-JCrJ-zVAw5kuD8Qv4j5pCVWABkrgtXlhsdxFpba-5vV6CKAjRSLSaL_Im6aYYYmUTbQzwv1Ebf99PlCTS7cqZ-RVT30R_8xGNJn2X2sMQX3srtlBtUXxfdUryPNLhvvoWKy5PnnyJCxYKxEJ2RaQxNnXP7JFUk4wEqt5TLsXp1ndYyyiyTOUliKpeigvZP5JsMpNkQ5-xnawrLFvcES8bApEPMhEG7dVv32yfwygm0ZopUWk3U7XwzUzxPLp6DsjEIM9Jwi3sCXB2tMW1yyBw1Uy5IeOHl5sFlapozqnFsMFC29JZoJCuWI1-iYqfGUu17a6eNU2OsuMLCoBHOpD9fCDD6AxRpEtSRyhNXpV4oQ1U5iW1JvcR2jKfS0yIU1zE35zwYcCrwvuB-6qnc2nCLIP_6FV_c3rxeu192ScASEXlO9Z_Yo6R-C7Evjko44egwF9uKgw","role":"ADMIN"},"status":201},"timestamp":"2024-03-28T01:15:12.334Z"}
{"level":"info","message":{"method":"getMovie/discover/movie","res":{},"status":200},"timestamp":"2024-03-28T01:15:12.539Z"}
{"level":"info","message":{"method":"getDetails/videos","res":{},"status":200},"timestamp":"2024-03-28T01:15:26.738Z"}
{"level":"info","message":{"method":"getMovieById","res":{},"status":200},"timestamp":"2024-03-28T01:15:26.744Z"}
{"level":"info","message":{"method":"getDetails/images","res":{},"status":200},"timestamp":"2024-03-28T01:15:26.952Z"}
{"level":"info","message":{"method":"getDetails/credits","res":{},"status":200},"timestamp":"2024-03-28T01:15:26.957Z"}
{"level":"info","message":{"method":"getMovie/discover/movie","res":{},"status":200},"timestamp":"2024-03-28T01:15:43.181Z"}
{"level":"info","message":{"method":"getMovie/discover/movie","res":{},"status":200},"timestamp":"2024-03-28T01:15:44.673Z"}
{"level":"info","message":{"method":"getMovieById","res":{},"status":200},"timestamp":"2024-03-28T01:15:48.630Z"}
{"level":"info","message":{"method":"getDetails/images","res":{},"status":200},"timestamp":"2024-03-28T01:15:48.639Z"}
{"level":"info","message":{"method":"getDetails/credits","res":{},"status":200},"timestamp":"2024-03-28T01:15:48.708Z"}
{"level":"info","message":{"method":"getDetails/videos","res":{},"status":200},"timestamp":"2024-03-28T01:15:48.772Z"}
{"level":"info","message":{"method":"getMovie/discover/movie","res":{},"status":200},"timestamp":"2024-03-28T01:16:32.308Z"}
{"level":"info","message":{"method":"getMovieById","res":{},"status":200},"timestamp":"2024-03-28T01:16:53.127Z"}
{"level":"info","message":{"method":"getDetails/videos","res":{},"status":200},"timestamp":"2024-03-28T01:16:53.196Z"}
{"level":"info","message":{"method":"getDetails/credits","res":{},"status":200},"timestamp":"2024-03-28T01:16:53.279Z"}
{"level":"info","message":{"method":"getDetails/images","res":{},"status":200},"timestamp":"2024-03-28T01:16:53.345Z"}
{"level":"info","message":{"method":"getMovie/discover/movie","res":{},"status":200},"timestamp":"2024-03-28T01:18:57.636Z"}
{"level":"info","message":{"method":"getMovie/discover/movie","res":{},"status":200},"timestamp":"2024-03-28T01:19:08.324Z"}
{"level":"info","message":{"method":"getDetails/videos","res":{},"status":200},"timestamp":"2024-03-28T01:19:13.373Z"}
{"level":"info","message":{"method":"getMovieById","res":{},"status":200},"timestamp":"2024-03-28T01:19:13.377Z"}
{"level":"info","message":{"method":"getDetails/images","res":{},"status":200},"timestamp":"2024-03-28T01:19:13.443Z"}
{"level":"info","message":{"method":"getDetails/credits","res":{},"status":200},"timestamp":"2024-03-28T01:19:13.445Z"}
{"level":"info","message":{"method":"getMovie/discover/movie","res":{},"status":200},"timestamp":"2024-03-28T01:19:35.018Z"}
{"level":"info","message":{"method":"getMovie/discover/movie","res":{},"status":200},"timestamp":"2024-03-28T01:19:38.523Z"}
{"level":"info","message":{"method":"getMovie/discover/movie","res":{},"status":200},"timestamp":"2024-03-28T01:19:43.835Z"}
{"level":"info","message":{"method":"getMovie/discover/movie","res":{},"status":200},"timestamp":"2024-03-28T01:19:43.980Z"}
{"level":"info","message":{"method":"getMovie/discover/movie","res":{},"status":200},"timestamp":"2024-03-28T01:19:56.690Z"}
{"level":"info","message":{"method":"getMovie/discover/movie","res":{},"status":200},"timestamp":"2024-03-28T01:19:56.735Z"}
{"level":"info","message":{"method":"getMovieById","res":{},"status":200},"timestamp":"2024-03-28T01:51:30.266Z"}
{"level":"info","message":{"method":"getDetails/credits","res":{},"status":200},"timestamp":"2024-03-28T01:51:30.354Z"}
{"level":"info","message":{"method":"getDetails/images","res":{},"status":200},"timestamp":"2024-03-28T01:51:30.507Z"}
{"level":"info","message":{"method":"getDetails/videos","res":{},"status":200},"timestamp":"2024-03-28T01:51:30.572Z"}
{"level":"info","message":{"method":"getMovie/discover/movie","res":{},"status":200},"timestamp":"2024-03-28T01:54:37.586Z"}
{"level":"info","message":{"method":"getMovieById","res":{},"status":200},"timestamp":"2024-03-28T01:54:44.095Z"}
{"level":"info","message":{"method":"getDetails/images","res":{},"status":200},"timestamp":"2024-03-28T01:54:44.165Z"}
{"level":"info","message":{"method":"getDetails/credits","res":{},"status":200},"timestamp":"2024-03-28T01:54:44.379Z"}
{"level":"info","message":{"method":"getDetails/videos","res":{},"status":200},"timestamp":"2024-03-28T01:54:44.411Z"}
{"level":"info","message":{"method":"getMovie/discover/movie","res":{},"status":200},"timestamp":"2024-03-28T01:55:33.614Z"}
{"level":"info","message":{"method":"getDetails/videos","res":{},"status":200},"timestamp":"2024-03-28T01:55:38.391Z"}
{"level":"info","message":{"method":"getMovieById","res":{},"status":200},"timestamp":"2024-03-28T01:55:38.403Z"}
{"level":"info","message":{"method":"getDetails/credits","res":{},"status":200},"timestamp":"2024-03-28T01:55:38.462Z"}
{"level":"info","message":{"method":"getDetails/images","res":{},"status":200},"timestamp":"2024-03-28T01:55:38.700Z"}
{"level":"info","message":{"method":"getMovie/discover/movie","res":{},"status":200},"timestamp":"2024-03-28T01:57:02.288Z"}
{"level":"info","message":{"method":"getDetails/videos","res":{},"status":200},"timestamp":"2024-03-28T01:57:07.192Z"}
{"level":"info","message":{"method":"getDetails/images","res":{},"status":200},"timestamp":"2024-03-28T01:57:07.195Z"}
{"level":"info","message":{"method":"getDetails/credits","res":{},"status":200},"timestamp":"2024-03-28T01:57:07.198Z"}
{"level":"info","message":{"method":"getMovieById","res":{},"status":200},"timestamp":"2024-03-28T01:57:07.269Z"}
{"level":"info","message":{"method":"getMovie/discover/movie","res":{},"status":200},"timestamp":"2024-03-28T01:57:52.425Z"}
{"level":"info","message":{"method":"getMovie/discover/movie","res":{},"status":200},"timestamp":"2024-03-28T01:58:04.847Z"}
{"level":"info","message":{"method":"getMovie/discover/movie","res":{},"status":200},"timestamp":"2024-03-28T01:58:04.933Z"}
{"level":"info","message":{"method":"getDetails/images","res":{},"status":200},"timestamp":"2024-03-28T01:58:29.623Z"}
{"level":"info","message":{"method":"getDetails/videos","res":{},"status":200},"timestamp":"2024-03-28T01:58:29.625Z"}
{"level":"info","message":{"method":"getMovieById","res":{},"status":200},"timestamp":"2024-03-28T01:58:29.642Z"}
{"level":"info","message":{"method":"getDetails/credits","res":{},"status":200},"timestamp":"2024-03-28T01:58:29.700Z"}
{"level":"info","message":{"method":"getMovie/discover/movie","res":{},"status":200},"timestamp":"2024-03-28T02:02:35.162Z"}
{"level":"info","message":{"method":"getMovieById","res":{},"status":200},"timestamp":"2024-03-28T02:02:47.949Z"}
{"level":"info","message":{"method":"getDetails/credits","res":{},"status":200},"timestamp":"2024-03-28T02:02:47.952Z"}
{"level":"info","message":{"method":"getDetails/images","res":{},"status":200},"timestamp":"2024-03-28T02:02:48.013Z"}
{"level":"info","message":{"method":"getDetails/videos","res":{},"status":200},"timestamp":"2024-03-28T02:02:48.074Z"}
{"level":"info","message":{"method":"getMovie/discover/movie","res":{},"status":200},"timestamp":"2024-03-28T02:03:12.565Z"}
{"level":"info","message":{"method":"getMovie/discover/movie","res":{},"status":200},"timestamp":"2024-03-28T02:03:23.109Z"}
{"level":"info","message":{"method":"getMovieById","res":{},"status":200},"timestamp":"2024-03-28T02:03:31.723Z"}
{"level":"info","message":{"method":"getDetails/credits","res":{},"status":200},"timestamp":"2024-03-28T02:03:31.750Z"}
{"level":"info","message":{"method":"getDetails/images","res":{},"status":200},"timestamp":"2024-03-28T02:03:31.803Z"}
{"level":"info","message":{"method":"getDetails/videos","res":{},"status":200},"timestamp":"2024-03-28T02:03:31.807Z"}
{"level":"info","message":{"method":"getMovie/discover/movie","res":{},"status":200},"timestamp":"2024-03-28T02:06:35.790Z"}
{"level":"info","message":{"method":"getMovie/discover/movie","res":{},"status":200},"timestamp":"2024-03-28T02:06:45.330Z"}
{"level":"info","message":{"method":"getMovie/discover/movie","res":{},"status":200},"timestamp":"2024-03-28T02:06:45.405Z"}
{"level":"info","message":{"method":"getMovieById","res":{},"status":200},"timestamp":"2024-03-28T02:07:13.677Z"}
{"level":"info","message":{"method":"getDetails/videos","res":{},"status":200},"timestamp":"2024-03-28T02:07:13.697Z"}
{"level":"info","message":{"method":"getDetails/credits","res":{},"status":200},"timestamp":"2024-03-28T02:07:13.732Z"}
{"level":"info","message":{"method":"getDetails/images","res":{},"status":200},"timestamp":"2024-03-28T02:07:13.771Z"}
{"level":"info","message":{"method":"refreshToken","res":{"accessToken":"Bearer eyJhbGciOiJSUzI1NiIsInR5cCI6IkpXVCJ9.eyJpZCI6IjY1ZjVhM2Y5ZjM1ZjFhNzE0ZDI0OTg4NSIsInVzZXJuYW1lIjoiRGF2aWQiLCJlbWFpbCI6ImRhdmlkMDExQGdtYWlsLmNvbSIsImlhdCI6MTcxMTYyMDkyNiwiZXhwIjoxNzExNzA3MzI2fQ.RbEn8jtrQ-0E7j2RG93VkrXbN3ZfN6l3vNkaZSkQm768e7t0hoQMLYU2vIENOKA9dmpYFUO2iVRi2YcluysLyulKYM1GNwEO9RczXdbAzUjZfbtDxKISpu6Qezd_PcqfUxW-7zxCpHgFntzsdQSNHLk5p4pf8qs7WVjnPFs5bGTNZmZrFc7a-GgcYm-lqKnfzGI9DZLf9WqQyRyBiUihGXBskHWrCrnb_jdaDC3DgH2fnqE1i97JuPSZhyLPuxvFMyqytWKUUveMq6zjxZH9tXRLU8A368yevQLqkYclog28QqRZxEnGTgQQR9YjtgwqWQEfTX1nxDxibWu8cI4Ou9wce9YqoAwiV6p2osXulT7pTD9dUaVYJ5Jqqg3bAVVhqIOljBuCf3Ed2s7gyCb3u1UwaANx1yE0VYGNjlcvBnkvmFjdM_VWlfPawPYjfzQyYFcLIl13hJA523dQXlDw3J2UYAtU7G3zUVWAKriTK_E-yuAgO3DDxAXad9GkbHxES5IsQPNUVZggy0FtEer88GIXxzbw4EglSJUwq36MML4_Y1CJHIJ3LAkgQfbEFv0X0rLxAcAtnOaVs4fZs_Wjzjskg_CXOfRB_MuXXgpR4jJvI7g-4qFoT8p-VuGnTTQRiLqcqYvn9XwA8PyQc9Ej--u2ybB8BJ5n6FfdWHjfon4","role":"ADMIN"},"status":200},"timestamp":"2024-03-28T10:15:26.971Z"}
{"level":"info","message":{"method":"getMovie/discover/movie","res":{},"status":200},"timestamp":"2024-03-28T10:19:02.590Z"}
{"level":"info","message":{"method":"checkEmail","res":{"hasUser":true},"status":200},"timestamp":"2024-03-28T10:19:16.083Z"}
{"level":"info","message":{"method":"signin","res":{"accessToken":"Bearer eyJhbGciOiJSUzI1NiIsInR5cCI6IkpXVCJ9.eyJpZCI6IjY2MDRiOGU3NTQ4MGI2Mjg4MWQ4YzRmYSIsInVzZXJuYW1lIjoiRGF2aWQzNTY3IiwiZW1haWwiOiJkYXZpZEBnbWFpbC5jb20iLCJpYXQiOjE3MTE2MjExNjgsImV4cCI6MTcxMTcwNzU2OH0.wGgPNcAYohAqVRbumgHIvtdSdwpGw80lX89eWmx6K3v0Ftv1lmQKbzbmGtnWIFiSuqlMvXsrMABcdWNp20hk1WpmidcUJ6_wrlklTMNm8sk-wysbgpbOiWaB7yboVC-FoyRmSnVAG-U6YV09F92PQKAral92_slDvxB7sfzRoeZm4rLNwFQ5MhA-U8pya89Ar_NBAGPJQNdxATXZIxyuuDoxBZAQh5-YVbf-PgK022AbqCtx3q2rTXVdOK5KfHUiDmFF0ijhPTgzTadFbRxOvhkZYhcz7Jcnrlz8hSLoqmgIcPe-XHVfVjVPwuCx5VyUzvN18HiAKxsjjoBhzo8bVYLLv9WdasTGssuuncX43vEwJ4pITLYBcxMqocWXeK_9G4tpBxQpMwQ4TLvMMhxlITWbBAuDZnKg613w7fc2bSPh7ElBBh8C0_6X4LrLoHZWtqp2wdsmmz2a3srzMPAaaludMjTYDFez9e4OqCuxamMotTnqrxhAhuMoZ4TYGFITanqoXWBktZcmWUDr1dledhsdgCicbHaRw7_8yXykM-iIc5KLw9CiJN3xNoDUSB0H3uiBN3mOOJ4VVr_Z0OhIHRtajBpd9nxOQcG9aU8kF3fkWlqaEZoYcBEGgQ2uz6ZJewCOjPDXg1Yn4Urha0saLDrx31ZczvYdG7m_Gejejm8","role":"USER"},"status":201},"timestamp":"2024-03-28T10:19:28.763Z"}
{"level":"info","message":{"method":"getMovie/discover/movie","res":{},"status":200},"timestamp":"2024-03-28T10:19:28.952Z"}
{"level":"info","message":{"method":"getMovie/search/movie","res":{},"status":200},"timestamp":"2024-03-28T10:23:33.088Z"}
{"level":"info","message":{"method":"checkEmail","res":{"hasUser":false},"status":200},"timestamp":"2024-03-28T10:24:58.448Z"}
{"level":"info","message":{"method":"checkEmail","res":{"hasUser":true},"status":200},"timestamp":"2024-03-28T10:24:59.512Z"}
{"level":"info","message":{"method":"checkEmail","res":{"hasUser":false},"status":200},"timestamp":"2024-03-28T10:25:03.785Z"}
